<?xml version="1.0" encoding="UTF-8"?>
<!-- Generated by org.testng.reporters.JUnitReportReporter -->
<testsuite hostname="WDILAPTOP16" failures="0" tests="1" name="GSF.Tests.TC_E2E_Intermediate_Mor_06" time="17.130" errors="0" timestamp="2023-11-07T19:08:02 IST" skipped="0">
  <testcase classname="GSF.Tests.TC_E2E_Intermediate_Mor_06" name="Intermediate_Mor_06_User_Validation" time="17.130"/>
  <system-out>
    <![CDATA[Fetching data from excel sheet
Fetching data from excel sheet]]>
  </system-out>
</testsuite> <!-- GSF.Tests.TC_E2E_Intermediate_Mor_06 -->
