<?xml version="1.0" encoding="UTF-8"?>
<!-- Generated by org.testng.reporters.JUnitReportReporter -->
<testsuite hostname="WDILAP-PF3Z71T1" failures="0" tests="1" name="GSF.Tests.TC_E2E_Begin_Eve_01" time="14.665" errors="0" timestamp="2024-03-27T18:52:53 IST" skipped="0">
  <testcase classname="GSF.Tests.TC_E2E_Begin_Eve_01" name="Begin_Eve_01_User_Validation" time="14.665"/>
  <system-out>
    <![CDATA[Fetching data from excel sheet
Fetching data from excel sheet]]>
  </system-out>
</testsuite> <!-- GSF.Tests.TC_E2E_Begin_Eve_01 -->
