<?xml version="1.0" encoding="UTF-8"?>
<!-- Generated by org.testng.reporters.JUnitReportReporter -->
<testsuite hostname="WDILAP-PF3Z71T1" failures="0" tests="1" name="GSF.Tests.TC_User_Login_Validation" time="112.753" errors="0" timestamp="2024-04-23T14:26:49 IST" skipped="0">
  <testcase classname="GSF.Tests.TC_User_Login_Validation" name="User_Validation" time="112.753"/>
  <system-out>
    <![CDATA[Fetching data from excel sheet
Fetching data from excel sheet
Fetching data from excel sheet
Fetching data from excel sheet
Fetching data from excel sheet
Fetching data from excel sheet
Fetching data from excel sheet
Fetching data from excel sheet
Fetching data from excel sheet
Fetching data from excel sheet
Fetching data from excel sheet
Fetching data from excel sheet
Fetching data from excel sheet
Fetching data from excel sheet
Fetching data from excel sheet
Fetching data from excel sheet
Fetching data from excel sheet
Fetching data from excel sheet
Fetching data from excel sheet
Fetching data from excel sheet]]>
  </system-out>
</testsuite> <!-- GSF.Tests.TC_User_Login_Validation -->
