<?xml version="1.0" encoding="UTF-8"?>
<!-- Generated by org.testng.reporters.JUnitReportReporter -->
<testsuite hostname="WDILAPTOP16" failures="0" tests="1" name="GSF.Tests.TC_E2E_Intermediate_Mor_01" time="16.515" errors="0" timestamp="2023-11-07T17:54:46 IST" skipped="0">
  <testcase classname="GSF.Tests.TC_E2E_Intermediate_Mor_01" name="Intermediate_Mor_01_User_Validation" time="16.515"/>
  <system-out>
    <![CDATA[Fetching data from excel sheet
Fetching data from excel sheet]]>
  </system-out>
</testsuite> <!-- GSF.Tests.TC_E2E_Intermediate_Mor_01 -->
