<?xml version="1.0" encoding="UTF-8"?>
<!-- Generated by org.testng.reporters.JUnitReportReporter -->
<testsuite hostname="WDILAPTOP16" failures="0" tests="1" name="GSF.Tests.TC_E2E_Intermediate_Eve_06" time="14.353" errors="0" timestamp="2023-11-17T19:58:59 IST" skipped="0">
  <testcase classname="GSF.Tests.TC_E2E_Intermediate_Eve_06" name="Intermediate_Eve_06_User_Validation" time="14.353"/>
  <system-out>
    <![CDATA[Fetching data from excel sheet
Fetching data from excel sheet]]>
  </system-out>
</testsuite> <!-- GSF.Tests.TC_E2E_Intermediate_Eve_06 -->
