<?xml version="1.0" encoding="UTF-8"?>
<!-- Generated by org.testng.reporters.JUnitReportReporter -->
<testsuite hostname="WDILAP-PF3Z71T1" failures="0" tests="1" name="GSF.Tests.TC_E2E_Intermediate_Eve_01" time="13.472" errors="0" timestamp="2024-03-27T19:15:26 IST" skipped="0">
  <testcase classname="GSF.Tests.TC_E2E_Intermediate_Eve_01" name="Intermediate_Eve_01_User_Validation" time="13.472"/>
  <system-out>
    <![CDATA[Fetching data from excel sheet
Fetching data from excel sheet]]>
  </system-out>
</testsuite> <!-- GSF.Tests.TC_E2E_Intermediate_Eve_01 -->
