<?xml version="1.0" encoding="UTF-8"?>
<!-- Generated by org.testng.reporters.JUnitReportReporter -->
<testsuite hostname="WDILAPTOP16" failures="0" tests="1" name="GSF.Tests.TC001" time="14.600" errors="0" timestamp="2023-11-07T20:36:08 IST" skipped="0">
  <testcase classname="GSF.Tests.TC001" name="validatingHomeHeader" time="14.600"/>
  <system-out/>
</testsuite> <!-- GSF.Tests.TC001 -->
