<?xml version="1.0" encoding="UTF-8"?>
<!-- Generated by org.testng.reporters.JUnitReportReporter -->
<testsuite hostname="WDILAPTOP16" failures="0" tests="1" name="GSF.Tests.TC_E2E_Begin_Eve_03" time="47.005" errors="0" timestamp="2023-10-31T13:13:48 IST" skipped="0">
  <testcase classname="GSF.Tests.TC_E2E_Begin_Eve_03" name="Begim_Eve_03_User_Validation" time="47.005"/>
  <system-out>
    <![CDATA[Fetching data from excel sheet
Fetching data from excel sheet]]>
  </system-out>
</testsuite> <!-- GSF.Tests.TC_E2E_Begin_Eve_03 -->
