<?xml version="1.0" encoding="UTF-8"?>
<!-- Generated by org.testng.reporters.JUnitReportReporter -->
<testsuite hostname="WDILAP-PF3Z71T1" failures="0" tests="1" name="GSF.Tests.TC_E2E_Begin_Mor_03" time="17.687" errors="0" timestamp="2024-03-27T19:10:06 IST" skipped="0">
  <testcase classname="GSF.Tests.TC_E2E_Begin_Mor_03" name="Begim_Mor_03_User_Validation" time="17.687"/>
  <system-out/>
</testsuite> <!-- GSF.Tests.TC_E2E_Begin_Mor_03 -->
