<?xml version="1.0" encoding="UTF-8"?>
<!-- Generated by org.testng.reporters.JUnitReportReporter -->
<testsuite hostname="WDILAPTOP16" failures="0" tests="1" name="GSF.Tests.TC002" time="17.460" errors="0" timestamp="2023-10-17T19:58:47 IST" skipped="0">
  <testcase classname="GSF.Tests.TC002" name="ValidateLoginPage" time="17.460"/>
  <system-out/>
</testsuite> <!-- GSF.Tests.TC002 -->
